2025-10-31 13:26:54 [INFO] - Application Started
2025-10-31 13:26:54 [INFO] - Running 'test' subcommand
2025-10-31 13:26:54 [INFO] - Verbose: no
2025-10-31 13:26:54 [INFO] - Starting tests...
2025-10-31 13:26:55 [INFO] - Test 1 | PASSED | PASSED: argument_and_locals in 1.51s
2025-10-31 13:26:56 [INFO] - Test 2 | PASSED | PASSED: argument_form_expr in 425.70ms
2025-10-31 13:26:56 [INFO] - Test 3 | PASSED | PASSED: argument_used_twice_form_expr in 412.99ms
2025-10-31 13:26:57 [INFO] - Test 4 | PASSED | PASSED: break_from_nested_and_outer_loops in 402.45ms
2025-10-31 13:26:57 [INFO] - Test 5 | PASSED | PASSED: break_from_nested_loop in 409.88ms
2025-10-31 13:26:58 [INFO] - Test 6 | PASSED | PASSED: break_loop in 396.35ms
2025-10-31 13:26:58 [INFO] - Test 7 | PASSED | PASSED: break_loop_nested in 399.47ms
2025-10-31 13:26:58 [INFO] - Test 8 | PASSED | PASSED: break_loop_nested_labeled in 418.77ms
2025-10-31 13:26:59 [INFO] - Test 9 | PASSED | PASSED: break_loop_with_if in 402.17ms
2025-10-31 13:26:59 [INFO] - Test 10 | PASSED | PASSED: break_stmt in 412.88ms
2025-10-31 13:27:00 [INFO] - Test 11 | PASSED | PASSED: break_with_value in 401.90ms
2025-10-31 13:27:00 [INFO] - Test 12 | PASSED | PASSED: break_with_value_and_label in 392.35ms
2025-10-31 13:27:00 [INFO] - Test 13 | PASSED | PASSED: break_with_value_and_return in 422.69ms
2025-10-31 13:27:01 [INFO] - Test 14 | PASSED | FAILED: closure_arguments in 395.35ms
2025-10-31 13:27:01 [INFO] - Test 15 | PASSED | PASSED: comments_in_block_expr in 412.52ms
2025-10-31 13:27:02 [INFO] - Test 16 | PASSED | PASSED: continue_loop_nested_labeled in 397.60ms
2025-10-31 13:27:02 [INFO] - Test 17 | PASSED | FAILED: copy_custom_used_after in 399.05ms
2025-10-31 13:27:02 [INFO] - Test 18 | PASSED | FAILED: copy_used_after in 401.60ms
2025-10-31 13:27:03 [INFO] - Test 19 | PASSED | PASSED: does_not_add_extra_whitespace in 410.51ms
2025-10-31 13:27:03 [INFO] - Test 20 | PASSED | PASSED: does_not_import_control_flow in 396.52ms
2025-10-31 13:27:04 [INFO] - Test 21 | PASSED | PASSED: dont_emit_type_with_hidden_lifetime_parameter in 418.45ms
2025-10-31 13:27:04 [INFO] - Test 22 | PASSED | PASSED: empty_generic_param_list in 393.97ms
2025-10-31 13:27:04 [INFO] - Test 23 | PASSED | PASSED: extract_cast in 403.88ms
2025-10-31 13:27:05 [INFO] - Test 24 | PASSED | PASSED: extract_does_not_tear_body_apart in 406.77ms
2025-10-31 13:27:05 [INFO] - Test 25 | PASSED | PASSED: extract_does_not_tear_comments_apart in 407.72ms
2025-10-31 13:27:06 [INFO] - Test 26 | PASSED | FAILED: extract_does_not_wrap_res_in_res in 421.22ms
2025-10-31 13:27:06 [INFO] - Test 27 | PASSED | Error: Parse error: expected `,`: extract_from_nested in 398.00ms
2025-10-31 13:27:06 [INFO] - Test 28 | PASSED | PASSED: extract_function_copies_comment_at_end in 400.70ms
2025-10-31 13:27:07 [INFO] - Test 29 | PASSED | PASSED: extract_function_copies_comment_at_start in 398.33ms
2025-10-31 13:27:07 [INFO] - Test 30 | PASSED | PASSED: extract_function_copies_comment_in_between in 400.85ms
2025-10-31 13:27:08 [INFO] - Test 31 | PASSED | PASSED: extract_function_copies_comment_indented in 421.48ms
2025-10-31 13:27:08 [INFO] - Test 32 | PASSED | PASSED: extract_function_does_preserve_whitespace in 417.89ms
2025-10-31 13:27:09 [INFO] - Test 33 | PASSED | PASSED: extract_function_from_trait_with_existing_non_empty_impl_block in 425.07ms
2025-10-31 13:27:09 [INFO] - Test 34 | PASSED | PASSED: extract_function_long_form_comment in 395.36ms
2025-10-31 13:27:09 [INFO] - Test 35 | PASSED | PASSED: extract_method_from_trait_impl in 408.36ms
2025-10-31 13:27:10 [INFO] - Test 36 | PASSED | PASSED: extract_method_from_trait_with_existing_non_empty_impl_block in 400.43ms
2025-10-31 13:27:10 [INFO] - Test 37 | PASSED | PASSED: extract_method_from_trait_with_multiple_existing_impl_blocks in 431.20ms
2025-10-31 13:27:11 [INFO] - Test 38 | PASSED | PASSED: extract_method_from_trait_with_multiple_existing_trait_impl_blocks in 422.11ms
2025-10-31 13:27:11 [INFO] - Test 39 | PASSED | PASSED: extract_mut_ref_param_has_no_mut_binding_in_loop in 398.87ms
2025-10-31 13:27:11 [INFO] - Test 40 | PASSED | PASSED: extract_partial_block in 404.41ms
2025-10-31 13:27:12 [INFO] - Test 41 | PASSED | PASSED: extract_partial_block_single_line in 398.85ms
2025-10-31 13:27:12 [INFO] - Test 42 | PASSED | PASSED: extract_return_stmt in 401.98ms
2025-10-31 13:27:13 [INFO] - Test 43 | PASSED | PASSED: extract_with_await in 398.29ms
2025-10-31 13:27:13 [INFO] - Test 44 | FAILED: No Extract Function Assist found for the given selection of assists [Assist { id: AssistId("extract_variable", RefactorExtract), label: "Extract into variable", group: Some(GroupLabel("Extract into...")), target: 39..53, source_change: None, command: None }] | N/A: extract_with_await_and_result_not_producing_match_expr in 395.38ms
2025-10-31 13:27:13 [INFO] - Test 45 | PASSED | PASSED: extract_with_await_and_result_producing_match_expr in 399.50ms
2025-10-31 13:27:14 [INFO] - Test 46 | PASSED | PASSED: extract_with_await_in_args in 401.52ms
2025-10-31 13:27:14 [INFO] - Test 47 | FAILED: No Extract Function Assist found for the given selection of assists [] | N/A: extract_with_macro_arg in 413.73ms
2025-10-31 13:27:15 [INFO] - Test 48 | PASSED | PASSED: filter_unused_generics in 402.55ms
2025-10-31 13:27:15 [INFO] - Test 49 | PASSED | PASSED: filter_unused_where_clause in 395.33ms
2025-10-31 13:27:15 [INFO] - Test 50 | PASSED | FAILED: filters_unused_nested_generics in 394.28ms
2025-10-31 13:27:16 [INFO] - Test 51 | PASSED | FAILED: filters_unused_nested_where_clauses in 405.71ms
2025-10-31 13:27:16 [INFO] - Test 52 | PASSED | PASSED: function_expr in 395.54ms
2025-10-31 13:27:17 [INFO] - Test 53 | PASSED | PASSED: indented_stmts in 423.98ms
2025-10-31 13:27:17 [INFO] - Test 54 | PASSED | PASSED: indented_stmts_inside_mod in 395.17ms
2025-10-31 13:27:17 [INFO] - Test 55 | PASSED | PASSED: it_should_not_generate_duplicate_function_names in 400.00ms
2025-10-31 13:27:18 [INFO] - Test 56 | PASSED | PASSED: method_to_freestanding in 400.58ms
2025-10-31 13:27:18 [INFO] - Test 57 | PASSED | PASSED: method_with_mut in 406.76ms
2025-10-31 13:27:19 [INFO] - Test 58 | PASSED | PASSED: method_with_reference in 398.59ms
2025-10-31 13:27:19 [INFO] - Test 59 | PASSED | PASSED: multi_variables_defined_inside_and_used_after_mutably_no_ret in 403.41ms
2025-10-31 13:27:19 [INFO] - Test 60 | PASSED | PASSED: mut_field_from_outer_scope in 395.28ms
2025-10-31 13:27:20 [INFO] - Test 61 | PASSED | PASSED: mut_method_call in 400.17ms
2025-10-31 13:27:20 [INFO] - Test 62 | PASSED | FAILED: mut_nested_field_from_outer_scope in 405.96ms
2025-10-31 13:27:21 [INFO] - Test 63 | PASSED | PASSED: mut_param_because_of_mut_ref in 407.82ms
2025-10-31 13:27:21 [INFO] - Test 64 | PASSED | PASSED: mut_param_many_usages_expr in 403.01ms
2025-10-31 13:27:21 [INFO] - Test 65 | PASSED | PASSED: mut_param_many_usages_stmt in 414.98ms
2025-10-31 13:27:22 [INFO] - Test 66 | PASSED | PASSED: mut_var_from_outer_scope in 396.13ms
2025-10-31 13:27:22 [INFO] - Test 67 | PASSED | FAILED: nested_generics in 405.13ms
2025-10-31 13:27:23 [INFO] - Test 68 | PASSED | FAILED: nested_where_clauses in 411.41ms
2025-10-31 13:27:23 [INFO] - Test 69 | PASSED | PASSED: no_args_for in 398.86ms
2025-10-31 13:27:24 [INFO] - Test 70 | PASSED | PASSED: no_args_from_binary_expr in 396.07ms
2025-10-31 13:27:24 [INFO] - Test 71 | PASSED | PASSED: no_args_from_binary_expr_in_module in 394.68ms
2025-10-31 13:27:24 [INFO] - Test 72 | PASSED | PASSED: no_args_from_binary_expr_indented in 394.38ms
2025-10-31 13:27:25 [INFO] - Test 73 | PASSED | PASSED: no_args_from_loop_unit in 409.64ms
2025-10-31 13:27:25 [INFO] - Test 74 | PASSED | PASSED: no_args_from_loop_with_return in 394.88ms
2025-10-31 13:27:26 [INFO] - Test 75 | PASSED | PASSED: no_args_from_match in 403.91ms
2025-10-31 13:27:26 [INFO] - Test 76 | PASSED | PASSED: no_args_from_stmt_unit in 394.25ms
2025-10-31 13:27:26 [INFO] - Test 77 | PASSED | PASSED: no_args_from_stmt_with_last_expr in 394.91ms
2025-10-31 13:27:27 [INFO] - Test 78 | PASSED | PASSED: no_args_if in 401.77ms
2025-10-31 13:27:27 [INFO] - Test 79 | PASSED | PASSED: no_args_if_else in 410.37ms
2025-10-31 13:27:28 [INFO] - Test 80 | PASSED | PASSED: no_args_if_let_else in 399.19ms
2025-10-31 13:27:28 [INFO] - Test 81 | PASSED | PASSED: no_args_match in 399.80ms
2025-10-31 13:27:28 [INFO] - Test 82 | PASSED | PASSED: no_args_while in 394.58ms
2025-10-31 13:27:29 [INFO] - Test 83 | PASSED | FAILED: non_tail_expr_of_tail_expr_loop in 416.01ms
2025-10-31 13:27:29 [INFO] - Test 84 | PASSED | FAILED: non_tail_expr_of_tail_if_block in 409.60ms
2025-10-31 13:27:30 [INFO] - Test 85 | PASSED | FAILED: non_tail_expr_with_comment_of_tail_expr_loop in 405.28ms
2025-10-31 13:27:30 [INFO] - Test 86 | PASSED | PASSED: nontrivial_patterns_define_variables in 415.97ms
2025-10-31 13:27:30 [INFO] - Test 87 | PASSED | PASSED: param_from_closure in 422.97ms
2025-10-31 13:27:31 [INFO] - Test 88 | FAILED: No Extract Function Assist found for the given selection of assists [] | N/A: param_usage_in_macro in 412.13ms
2025-10-31 13:27:31 [INFO] - Test 89 | FAILED: No Extract Function Assist found for the given selection of assists [Assist { id: AssistId("extract_variable", RefactorExtract), label: "Extract into variable", group: Some(GroupLabel("Extract into...")), target: 72..73, source_change: None, command: None }, Assist { id: AssistId("extract_constant", RefactorExtract), label: "Extract into constant", group: Some(GroupLabel("Extract into...")), target: 72..73, source_change: None, command: None }, Assist { id: AssistId("extract_static", RefactorExtract), label: "Extract into static", group: Some(GroupLabel("Extract into...")), target: 72..73, source_change: None, command: None }] | N/A: param_usage_in_macro_with_nested_tt in 424.38ms
2025-10-31 13:27:32 [INFO] - Test 90 | FAILED: No Extract Function Assist found for the given selection of assists [Assist { id: AssistId("extract_variable", RefactorExtract), label: "Extract into variable", group: Some(GroupLabel("Extract into...")), target: 109..110, source_change: None, command: None }, Assist { id: AssistId("extract_constant", RefactorExtract), label: "Extract into constant", group: Some(GroupLabel("Extract into...")), target: 109..110, source_change: None, command: None }, Assist { id: AssistId("extract_static", RefactorExtract), label: "Extract into static", group: Some(GroupLabel("Extract into...")), target: 109..110, source_change: None, command: None }] | N/A: param_usage_in_macro_with_nested_tt_2 in 417.00ms
2025-10-31 13:27:32 [INFO] - Test 91 | PASSED | PASSED: part_of_expr_stmt in 408.29ms
2025-10-31 13:27:32 [INFO] - Test 92 | PASSED | PASSED: preserve_generics in 397.98ms
2025-10-31 13:27:33 [INFO] - Test 93 | PASSED | PASSED: preserve_generics_from_body in 405.55ms
2025-10-31 13:27:33 [INFO] - Test 94 | PASSED | PASSED: preserve_where_clause in 405.51ms
2025-10-31 13:27:34 [INFO] - Test 95 | PASSED | PASSED: reference_mutable_param_with_further_usages in 410.87ms
2025-10-31 13:27:34 [INFO] - Test 96 | PASSED | PASSED: reference_mutable_param_without_further_usages in 399.29ms
2025-10-31 13:27:34 [INFO] - Test 97 | PASSED | PASSED: return_from_nested_fn in 406.58ms
2025-10-31 13:27:35 [INFO] - Test 98 | PASSED | PASSED: return_from_nested_loop in 394.19ms
2025-10-31 13:27:35 [INFO] - Test 99 | PASSED | FAILED: return_to_parent in 395.11ms
2025-10-31 13:27:36 [INFO] - Test 100 | PASSED | PASSED: should_increment_suffix_until_it_finds_space in 409.44ms
2025-10-31 13:27:36 [INFO] - Test 101 | PASSED | Error: Parse error: expected `;`: struct_with_two_fields_pattern_define_variables in 418.59ms
2025-10-31 13:27:37 [INFO] - Test 102 | PASSED | FAILED: tail_expr_no_extra_control_flow in 421.75ms
2025-10-31 13:27:37 [INFO] - Test 103 | PASSED | FAILED: tail_expr_of_tail_block_nested in 400.36ms
2025-10-31 13:27:37 [INFO] - Test 104 | PASSED | FAILED: try_and_return_ok in 423.04ms
2025-10-31 13:27:38 [INFO] - Test 105 | PASSED | FAILED: try_option in 414.62ms
2025-10-31 13:27:38 [INFO] - Test 106 | PASSED | FAILED: try_option_unit in 402.78ms
2025-10-31 13:27:39 [INFO] - Test 107 | PASSED | FAILED: try_option_with_return in 418.73ms
2025-10-31 13:27:39 [INFO] - Test 108 | PASSED | FAILED: try_result in 408.39ms
2025-10-31 13:27:39 [INFO] - Test 109 | PASSED | FAILED: try_result_with_return in 399.88ms
2025-10-31 13:27:40 [INFO] - Test 110 | PASSED | PASSED: two_arguments_form_expr in 418.02ms
2025-10-31 13:27:40 [INFO] - Test 111 | PASSED | PASSED: two_variables_defined_inside_and_used_after_no_ret in 421.09ms
2025-10-31 13:27:41 [INFO] - Test 112 | PASSED | PASSED: unresolveable_types_default_to_placeholder in 429.37ms
2025-10-31 13:27:41 [INFO] - Test 113 | PASSED | PASSED: variable_defined_inside_and_used_after_mutably_no_ret in 400.48ms
2025-10-31 13:27:41 [INFO] - Test 114 | PASSED | PASSED: variable_defined_inside_and_used_after_no_ret in 398.82ms
2025-10-31 13:27:41 [INFO] - ------------------------------------------------------------------
2025-10-31 13:27:41 [INFO] - Total tests run: 114
2025-10-31 13:27:41 [INFO] - Tests passed stage 1: 109
2025-10-31 13:27:41 [INFO] - Tests passed: 86
2025-10-31 13:27:41 [INFO] - Tests failed: 28
2025-10-31 13:27:41 [INFO] - Total time: 47.53s
2025-10-31 13:27:41 [INFO] - Average time per test: 415.68ms
2025-10-31 13:27:41 [INFO] - Shortest test time: 392.35ms
2025-10-31 13:27:41 [INFO] - Longest test time: 1.51s
